<?xml version="1.0" encoding="UTF-8"?>
<!-- Generated by org.testng.reporters.JUnitReportReporter -->
<testsuite hostname="DESKTOP-003RALK" failures="0" tests="4" name="testclasses.TestclassUsingListeners" time="24.358" errors="0" timestamp="01 Feb 2021 13:17:37 GMT" skipped="0">
  <testcase classname="testclasses.TestclassUsingListeners" name="loginTest" time="6.508"/>
  <testcase classname="testclasses.TestclassUsingListeners" name="loginTest" time="6.026"/>
  <testcase classname="testclasses.TestclassUsingListeners" name="loginTest" time="5.866"/>
  <testcase classname="testclasses.TestclassUsingListeners" name="loginTest" time="5.958"/>
</testsuite> <!-- testclasses.TestclassUsingListeners -->
