<?xml version="1.0" encoding="UTF-8"?>
<!-- Generated by org.testng.reporters.JUnitReportReporter -->
<testsuite hostname="DESKTOP-003RALK" failures="0" tests="4" name="qa.Test.TestclassUsingListeners" time="35.698" errors="0" timestamp="01 Feb 2021 17:29:08 GMT" skipped="0">
  <testcase classname="qa.Test.TestclassUsingListeners" name="loginTest" time="9.206"/>
  <testcase classname="qa.Test.TestclassUsingListeners" name="loginTest" time="8.867"/>
  <testcase classname="qa.Test.TestclassUsingListeners" name="loginTest" time="8.946"/>
  <testcase classname="qa.Test.TestclassUsingListeners" name="loginTest" time="8.679"/>
</testsuite> <!-- qa.Test.TestclassUsingListeners -->
